{"name":"sfdx","hostname":"Maheshs-MacBook-Pro.local","pid":7883,"log":"LightningCmpCreateCommand","level":50,"msg":"[ 'ERROR running force:lightning:component:create: ',\n  'Name must contain only alphanumeric characters.' ]","time":"2019-11-05T20:53:49.590Z","v":0}
{"name":"sfdx","hostname":"Maheshs-MacBook-Pro.local","pid":8052,"log":"LightningCmpCreateCommand","level":50,"msg":"[ 'ERROR running force:lightning:component:create: ',\n  'Name must contain only alphanumeric characters.' ]","time":"2019-11-05T20:59:10.095Z","v":0}
{"name":"sfdx","hostname":"Maheshs-MacBook-Pro.local","pid":8082,"log":"LightningCmpCreateCommand","level":50,"msg":"[ 'ERROR running force:lightning:component:create: ',\n  'Name must contain only alphanumeric characters.' ]","time":"2019-11-05T21:00:09.917Z","v":0}
{"name":"sfdx","hostname":"Maheshs-MacBook-Pro.local","pid":7564,"level":60,"msg":"","time":"2019-11-05T21:02:20.916Z","v":0}
{"name":"sfdx","hostname":"Maheshs-MacBook-Pro.local","pid":7564,"log":"AuthInfo","level":60,"msg":"","time":"2019-11-05T21:02:20.917Z","v":0}
{"name":"sfdx","hostname":"Maheshs-MacBook-Pro.local","pid":7564,"log":"crypto","level":60,"msg":"","time":"2019-11-05T21:02:20.917Z","v":0}
{"name":"sfdx","hostname":"Maheshs-MacBook-Pro.local","pid":7564,"log":"keyChain","level":60,"msg":"","time":"2019-11-05T21:02:20.918Z","v":0}
{"name":"sfdx","hostname":"Maheshs-MacBook-Pro.local","pid":7564,"level":60,"errno":"EPIPE","code":"EPIPE","syscall":"write","msg":"","time":"2019-11-05T21:04:10.375Z","v":0}
{"name":"sfdx","hostname":"Maheshs-MacBook-Pro.local","pid":7564,"log":"AuthInfo","level":60,"errno":"EPIPE","code":"EPIPE","syscall":"write","msg":"","time":"2019-11-05T21:04:10.375Z","v":0}
{"name":"sfdx","hostname":"Maheshs-MacBook-Pro.local","pid":7564,"log":"crypto","level":60,"errno":"EPIPE","code":"EPIPE","syscall":"write","msg":"","time":"2019-11-05T21:04:10.375Z","v":0}
{"name":"sfdx","hostname":"Maheshs-MacBook-Pro.local","pid":7564,"log":"keyChain","level":60,"errno":"EPIPE","code":"EPIPE","syscall":"write","msg":"","time":"2019-11-05T21:04:10.376Z","v":0}
{"name":"sfdx","hostname":"Maheshs-MacBook-Pro.local","pid":2843,"log":"SpawnedTelemetry","level":40,"msg":"Insights logging in enabled. This can be disabled by setting SFDX_DISABLE_INSIGHTS=true","time":"2019-11-11T17:13:37.221Z","v":0}
{"name":"sfdx","hostname":"Maheshs-MacBook-Pro.local","pid":2845,"log":"TelemetryReporter","level":40,"msg":"Insights logging in enabled. This can be disabled by setting SFDX_DISABLE_INSIGHTS=true","time":"2019-11-11T17:13:38.159Z","v":0}
{"name":"sfdx","hostname":"Maheshs-MacBook-Pro.local","pid":3369,"log":"SpawnedTelemetry","level":40,"msg":"Insights logging in enabled. This can be disabled by setting SFDX_DISABLE_INSIGHTS=true","time":"2019-11-13T23:48:03.388Z","v":0}
{"name":"sfdx","hostname":"Maheshs-MacBook-Pro.local","pid":3372,"log":"TelemetryReporter","level":40,"msg":"Insights logging in enabled. This can be disabled by setting SFDX_DISABLE_INSIGHTS=true","time":"2019-11-13T23:48:04.321Z","v":0}
{"name":"sfdx","hostname":"Maheshs-MacBook-Pro.local","pid":3369,"log":"UX","level":40,"msg":"[ '\\u001b[33mWARNING:\\u001b[39m',\n  'We\\'re deprecating OrgPreferenceSettings. We\\'ve added the settings to other metadata types in Winter \\'20. You can continue to use OrgPreferenceSettings until they are replaced by their corresponding settings in Spring \\'20. But why wait? Here\\'s exactly what you need to update in the scratch org definition file.\\n\\nReplace the orgPreferenceSettings section:\\n{\\n    \"settings\": {\\n        \"orgPreferenceSettings\": {\\n            \"s1DesktopEnabled\": true,\\n            \"selfSetPasswordInApi\": true,\\n            \"s1EncryptedStoragePref2\": false\\n        }\\n    }\\n}\\nWith their updated settings:\\n{\\n    \"settings\": {\\n        \"lightningExperienceSettings\": {\\n            \"enableS1DesktopEnabled\": true\\n        },\\n        \"securitySettings\": {\\n            \"passwordPolicies\": {\\n                \"enableSetPasswordInApi\": true\\n            }\\n        },\\n        \"mobileSettings\": {\\n            \"enableS1EncryptedStoragePref2\": false\\n        }\\n    }\\n}\\nFor more info on configuring settings in a scratch org definition file see: \\nhttps://developer.salesforce.com/docs/atlas.en-us.sfdx_dev.meta/sfdx_dev/sfdx_dev_scratch_orgs.htm  \\n' ]","time":"2019-11-13T23:48:05.677Z","v":0}
{"name":"sfdx","hostname":"Maheshs-MacBook-Pro.local","pid":3810,"log":"DataTreeImportCommand","level":50,"msg":"[ '\\u001b[1mERROR running force:data:tree:import: \\u001b[22m',\n  '\\u001b[31mProvide a data plan or file(s).\\u001b[39m' ]","time":"2019-11-14T00:02:34.099Z","v":0}
{"name":"sfdx","hostname":"Maheshs-MacBook-Pro.local","pid":3810,"log":"SpawnedTelemetry","level":40,"msg":"Insights logging in enabled. This can be disabled by setting SFDX_DISABLE_INSIGHTS=true","time":"2019-11-14T00:02:34.923Z","v":0}
{"name":"sfdx","hostname":"Maheshs-MacBook-Pro.local","pid":3817,"log":"TelemetryReporter","level":40,"msg":"Insights logging in enabled. This can be disabled by setting SFDX_DISABLE_INSIGHTS=true","time":"2019-11-14T00:02:35.418Z","v":0}
{"name":"sfdx","hostname":"Maheshs-MacBook-Pro.local","pid":2282,"log":"SpawnedTelemetry","level":40,"msg":"Insights logging in enabled. This can be disabled by setting SFDX_DISABLE_INSIGHTS=true","time":"2019-11-14T17:25:32.640Z","v":0}
{"name":"sfdx","hostname":"Maheshs-MacBook-Pro.local","pid":2284,"log":"TelemetryReporter","level":40,"msg":"Insights logging in enabled. This can be disabled by setting SFDX_DISABLE_INSIGHTS=true","time":"2019-11-14T17:25:33.820Z","v":0}
{"name":"sfdx","hostname":"Maheshs-MacBook-Pro.local","pid":2320,"log":"OrgCreateCommand","level":50,"msg":"[ '\\u001b[1mERROR running force:org:create: \\u001b[22m',\n  '\\u001b[31mPlease specify an org configuration via file and/or key=value pairs\\u001b[39m' ]","time":"2019-11-14T17:26:24.373Z","v":0}
{"name":"sfdx","hostname":"Maheshs-MacBook-Pro.local","pid":2320,"log":"SpawnedTelemetry","level":40,"msg":"Insights logging in enabled. This can be disabled by setting SFDX_DISABLE_INSIGHTS=true","time":"2019-11-14T17:26:24.702Z","v":0}
{"name":"sfdx","hostname":"Maheshs-MacBook-Pro.local","pid":2325,"log":"TelemetryReporter","level":40,"msg":"Insights logging in enabled. This can be disabled by setting SFDX_DISABLE_INSIGHTS=true","time":"2019-11-14T17:26:25.179Z","v":0}
{"name":"sfdx","hostname":"Maheshs-MacBook-Pro.local","pid":3144,"log":"OrgCreateCommand","level":50,"msg":"[ '\\u001b[1mERROR running force:org:create: \\u001b[22m',\n  '\\u001b[31mPlease specify an org configuration via file and/or key=value pairs\\u001b[39m' ]","time":"2019-11-14T18:05:02.692Z","v":0}
{"name":"sfdx","hostname":"Maheshs-MacBook-Pro.local","pid":3144,"log":"SpawnedTelemetry","level":40,"msg":"Insights logging in enabled. This can be disabled by setting SFDX_DISABLE_INSIGHTS=true","time":"2019-11-14T18:05:02.702Z","v":0}
{"name":"sfdx","hostname":"Maheshs-MacBook-Pro.local","pid":3148,"log":"TelemetryReporter","level":40,"msg":"Insights logging in enabled. This can be disabled by setting SFDX_DISABLE_INSIGHTS=true","time":"2019-11-14T18:05:03.429Z","v":0}
{"name":"sfdx","hostname":"Maheshs-MacBook-Pro.local","pid":8331,"log":"SpawnedTelemetry","level":40,"msg":"Insights logging in enabled. This can be disabled by setting SFDX_DISABLE_INSIGHTS=true","time":"2019-11-15T17:57:02.944Z","v":0}
{"name":"sfdx","hostname":"Maheshs-MacBook-Pro.local","pid":8333,"log":"TelemetryReporter","level":40,"msg":"Insights logging in enabled. This can be disabled by setting SFDX_DISABLE_INSIGHTS=true","time":"2019-11-15T17:57:04.297Z","v":0}
{"name":"sfdx","hostname":"Maheshs-MacBook-Pro.local","pid":8473,"log":"OrgCreateCommand","level":50,"msg":"[ '\\u001b[1mERROR running force:org:create: \\u001b[22m',\n  '\\u001b[31mENOENT: no such file or directory, open \\'config/project-scratch-def.json\\'\\u001b[39m' ]","time":"2019-11-15T18:03:36.990Z","v":0}
{"name":"sfdx","hostname":"Maheshs-MacBook-Pro.local","pid":8473,"log":"SpawnedTelemetry","level":40,"msg":"Insights logging in enabled. This can be disabled by setting SFDX_DISABLE_INSIGHTS=true","time":"2019-11-15T18:03:37.325Z","v":0}
{"name":"sfdx","hostname":"Maheshs-MacBook-Pro.local","pid":8478,"log":"TelemetryReporter","level":40,"msg":"Insights logging in enabled. This can be disabled by setting SFDX_DISABLE_INSIGHTS=true","time":"2019-11-15T18:03:38.130Z","v":0}
{"name":"sfdx","hostname":"Maheshs-MacBook-Pro.local","pid":8497,"log":"OrgCreateCommand","level":50,"msg":"[ '\\u001b[1mERROR running force:org:create: \\u001b[22m',\n  '\\u001b[31mFlag --definitionfile expects a value\\u001b[39m' ]","time":"2019-11-15T18:03:57.974Z","v":0}
{"name":"sfdx","hostname":"Maheshs-MacBook-Pro.local","pid":8497,"log":"SpawnedTelemetry","level":40,"msg":"Insights logging in enabled. This can be disabled by setting SFDX_DISABLE_INSIGHTS=true","time":"2019-11-15T18:03:58.239Z","v":0}
{"name":"sfdx","hostname":"Maheshs-MacBook-Pro.local","pid":8499,"log":"TelemetryReporter","level":40,"msg":"Insights logging in enabled. This can be disabled by setting SFDX_DISABLE_INSIGHTS=true","time":"2019-11-15T18:03:58.861Z","v":0}
{"name":"sfdx","hostname":"Maheshs-MacBook-Pro.local","pid":8523,"log":"SourcePushCommand","level":50,"msg":"[ '\\u001b[1mERROR running force:source:push: \\u001b[22m',\n  '\\u001b[31mThis command is required to run from within an SFDX project.\\u001b[39m' ]","time":"2019-11-15T18:04:40.022Z","v":0}
{"name":"sfdx","hostname":"Maheshs-MacBook-Pro.local","pid":8523,"log":"SpawnedTelemetry","level":40,"msg":"Insights logging in enabled. This can be disabled by setting SFDX_DISABLE_INSIGHTS=true","time":"2019-11-15T18:04:40.315Z","v":0}
{"name":"sfdx","hostname":"Maheshs-MacBook-Pro.local","pid":8526,"log":"TelemetryReporter","level":40,"msg":"Insights logging in enabled. This can be disabled by setting SFDX_DISABLE_INSIGHTS=true","time":"2019-11-15T18:04:40.942Z","v":0}
{"name":"sfdx","hostname":"Maheshs-MacBook-Pro.local","pid":8545,"log":"OrgOpenCommand","level":50,"msg":"[ '\\u001b[1mERROR running force:org:open: \\u001b[22m',\n  '\\u001b[31mMust pass a username and/or OAuth options when creating an AuthInfo instance.\\u001b[39m' ]","time":"2019-11-15T18:05:01.635Z","v":0}
{"name":"sfdx","hostname":"Maheshs-MacBook-Pro.local","pid":8545,"log":"SpawnedTelemetry","level":40,"msg":"Insights logging in enabled. This can be disabled by setting SFDX_DISABLE_INSIGHTS=true","time":"2019-11-15T18:05:01.880Z","v":0}
{"name":"sfdx","hostname":"Maheshs-MacBook-Pro.local","pid":8547,"log":"TelemetryReporter","level":40,"msg":"Insights logging in enabled. This can be disabled by setting SFDX_DISABLE_INSIGHTS=true","time":"2019-11-15T18:05:02.542Z","v":0}
